<?xml version="1.0" encoding="UTF-8"?>
<!-- Generated by org.testng.reporters.JUnitReportReporter -->
<testsuite skipped="0" hostname="LAPTOP-9S8DIPSM" name="test.FloridaBlueLoginTest" tests="1" failures="0" timestamp="2020-07-21T12:54:16 EDT" time="2.773" errors="0">
  <testcase name="FloridaBlueLoginTest" time="2.773" classname="test.FloridaBlueLoginTest"/>
  <system-out/>
</testsuite> <!-- test.FloridaBlueLoginTest -->
